<?xml version="1.0" encoding="UTF-8"?>
<testng-results ignored="0" total="1" passed="1" failed="0" skipped="0">
  <reporter-output>
  </reporter-output>
  <suite started-at="2025-04-18T16:42:01 IST" name="Suite" finished-at="2025-04-18T16:42:13 IST" duration-ms="11426">
    <groups>
    </groups>
    <test started-at="2025-04-18T16:42:01 IST" name="Test" finished-at="2025-04-18T16:42:13 IST" duration-ms="11426">
      <class name="mavenforjenkins.UITest">
        <test-method signature="startBrowser()[pri:0, instance:mavenforjenkins.UITest@4e91d63f]" started-at="2025-04-18T16:42:01 IST" name="startBrowser" finished-at="2025-04-18T16:42:13 IST" duration-ms="11332" status="PASS">
          <reporter-output>
          </reporter-output>
        </test-method> <!-- startBrowser -->
      </class> <!-- mavenforjenkins.UITest -->
    </test> <!-- Test -->
  </suite> <!-- Suite -->
</testng-results>
